=== NEW REQUEST ===
POST data: Array
(
)

FILES data: Array
(
)

REQUEST method: GET
ERROR: Invalid request method.
=== NEW REQUEST ===
POST data: Array
(
)

FILES data: Array
(
)

REQUEST method: GET
ERROR: Invalid request method.
=== NEW REQUEST ===
POST data: Array
(
)

FILES data: Array
(
)

REQUEST method: GET
ERROR: Invalid request method.
=== NEW REQUEST ===
POST data: Array
(
)

FILES data: Array
(
)

REQUEST method: GET
ERROR: Invalid request method.
=== NEW REQUEST ===
POST data: Array
(
)

FILES data: Array
(
)

REQUEST method: GET
ERROR: Invalid request method.
=== NEW REQUEST ===
POST data: Array
(
)

FILES data: Array
(
)

REQUEST method: GET
ERROR: Invalid request method.
=== NEW REQUEST ===
POST data: Array
(
)

FILES data: Array
(
)

REQUEST method: GET
ERROR: Invalid request method.
=== NEW REQUEST ===
POST data: Array
(
)

FILES data: Array
(
)

REQUEST method: GET
ERROR: Invalid request method.
=== NEW REQUEST ===
POST data: Array
(
)

FILES data: Array
(
)

REQUEST method: GET
ERROR: Invalid request method.
=== NEW REQUEST ===
POST data: Array
(
)

FILES data: Array
(
)

REQUEST method: GET
ERROR: Invalid request method.
=== NEW REQUEST ===
POST data: Array
(
)

FILES data: Array
(
)

REQUEST method: GET
ERROR: Invalid request method.
=== NEW REQUEST ===
POST data: Array
(
)

FILES data: Array
(
)

REQUEST method: GET
ERROR: Invalid request method.
=== NEW REQUEST ===
POST data: Array
(
)

FILES data: Array
(
)

REQUEST method: GET
ERROR: Invalid request method.
=== NEW REQUEST ===
POST data: Array
(
)

FILES data: Array
(
)

REQUEST method: GET
ERROR: Invalid request method.
=== NEW REQUEST ===
POST data: Array
(
)

FILES data: Array
(
)

REQUEST method: GET
ERROR: Invalid request method.
=== NEW REQUEST ===
POST data: Array
(
)

FILES data: Array
(
)

REQUEST method: GET
ERROR: Invalid request method.
=== NEW REQUEST ===
POST data: Array
(
)

FILES data: Array
(
)

REQUEST method: GET
ERROR: Invalid request method.
=== NEW REQUEST ===
POST data: Array
(
)

FILES data: Array
(
)

REQUEST method: GET
ERROR: Invalid request method.
=== NEW REQUEST ===
POST data: Array
(
)

FILES data: Array
(
)

REQUEST method: GET
ERROR: Invalid request method.
=== NEW REQUEST ===
POST data: Array
(
)

FILES data: Array
(
)

REQUEST method: GET
ERROR: Invalid request method.
=== NEW REQUEST ===
POST data: Array
(
)

FILES data: Array
(
)

REQUEST method: GET
ERROR: Invalid request method.
=== NEW REQUEST ===
POST data: Array
(
)

FILES data: Array
(
)

REQUEST method: GET
ERROR: Invalid request method.
=== NEW REQUEST ===
POST data: Array
(
)

FILES data: Array
(
)

REQUEST method: GET
ERROR: Invalid request method.
=== NEW REQUEST ===
POST data: Array
(
)

FILES data: Array
(
)

REQUEST method: GET
ERROR: Invalid request method.
=== NEW REQUEST ===
POST data: Array
(
)

FILES data: Array
(
)

REQUEST method: GET
ERROR: Invalid request method.
=== NEW REQUEST ===
POST data: Array
(
)

FILES data: Array
(
)

REQUEST method: GET
ERROR: Invalid request method.
=== NEW REQUEST ===
POST data: Array
(
)

FILES data: Array
(
)

REQUEST method: GET
ERROR: Invalid request method.
=== NEW REQUEST ===
POST data: Array
(
)

FILES data: Array
(
)

REQUEST method: GET
ERROR: Invalid request method.
=== NEW REQUEST ===
POST data: Array
(
)

FILES data: Array
(
)

REQUEST method: GET
ERROR: Invalid request method.
